
Circuit 1 cell sky130_fd_pr__nfet_01v8 and Circuit 2 cell sky130_fd_pr__nfet_01v8 are black boxes.
Warning: Equate pins:  cell sky130_fd_pr__nfet_01v8 is a placeholder, treated as a black box.
Warning: Equate pins:  cell sky130_fd_pr__nfet_01v8 is a placeholder, treated as a black box.

Subcircuit pins:
Circuit 1: sky130_fd_pr__nfet_01v8         |Circuit 2: sky130_fd_pr__nfet_01v8         
-------------------------------------------|-------------------------------------------
1                                          |1                                          
2                                          |2                                          
3                                          |3                                          
4                                          |4                                          
---------------------------------------------------------------------------------------
Cell pin lists are equivalent.
Device classes sky130_fd_pr__nfet_01v8 and sky130_fd_pr__nfet_01v8 are equivalent.

Circuit 1 cell sky130_fd_pr__pfet_01v8 and Circuit 2 cell sky130_fd_pr__pfet_01v8 are black boxes.
Warning: Equate pins:  cell sky130_fd_pr__pfet_01v8 is a placeholder, treated as a black box.
Warning: Equate pins:  cell sky130_fd_pr__pfet_01v8 is a placeholder, treated as a black box.

Subcircuit pins:
Circuit 1: sky130_fd_pr__pfet_01v8         |Circuit 2: sky130_fd_pr__pfet_01v8         
-------------------------------------------|-------------------------------------------
1                                          |1                                          
2                                          |2                                          
3                                          |3                                          
4                                          |4                                          
---------------------------------------------------------------------------------------
Cell pin lists are equivalent.
Device classes sky130_fd_pr__pfet_01v8 and sky130_fd_pr__pfet_01v8 are equivalent.
Flattening unmatched subcell sky130_fd_pr__nfet_01v8_EA9ZG2 in circuit tt_um_wakki-0123_Raw_Transistors (0)(2 instances)
Flattening unmatched subcell sky130_fd_pr__pfet_01v8_EDT3T7 in circuit tt_um_wakki-0123_Raw_Transistors (0)(1 instance)

Subcircuit summary:
Circuit 1: tt_um_wakki-0123_Raw_Transistor |Circuit 2: tt_um_wakki-0123_Raw_Transistor 
-------------------------------------------|-------------------------------------------
sky130_fd_pr__nfet_01v8 (2)                |sky130_fd_pr__nfet_01v8 (2)                
sky130_fd_pr__pfet_01v8 (1)                |sky130_fd_pr__pfet_01v8 (1)                
Number of devices: 3                       |Number of devices: 3                       
Number of nets: 7                          |Number of nets: 7                          
---------------------------------------------------------------------------------------
Resolving symmetries by property value.
Resolving symmetries by pin name.
Netlists match uniquely.

Subcircuit pins:
Circuit 1: tt_um_wakki-0123_Raw_Transistor |Circuit 2: tt_um_wakki-0123_Raw_Transistor 
-------------------------------------------|-------------------------------------------
VGND                                       |VGND                                       
ua[1]                                      |ua[1]                                      
VDPWR                                      |VDPWR                                      
ua[3]                                      |ua[3]                                      
ua[2]                                      |ua[2]                                      
ua[0]                                      |ua[0]                                      
ua[4]                                      |ua[4]                                      
---------------------------------------------------------------------------------------
Cell pin lists are equivalent.
Device classes tt_um_wakki-0123_Raw_Transistors and tt_um_wakki-0123_Raw_Transistors are equivalent.

Final result: Circuits match uniquely.
.
